<?xml version="1.0" encoding="UTF-8"?>
<!-- Generated by org.testng.reporters.JUnitReportReporter -->
<testsuite hostname="linh-truong-pc" failures="0" tests="3" name="com.nopcommerce.account.Level_26_Environment_03_Java_Properties" time="0.317" errors="0" timestamp="2024-06-27T10:27:50 CEST" skipped="0">
  <testcase classname="com.nopcommerce.account.Level_26_Environment_03_Java_Properties" name="User_03_Login_Success" time="0.032"/>
  <testcase classname="com.nopcommerce.account.Level_26_Environment_03_Java_Properties" name="User_02_Register_Success" time="0.012"/>
  <testcase classname="com.nopcommerce.account.Level_26_Environment_03_Java_Properties" name="User_01_Register_Validate" time="0.273"/>
</testsuite> <!-- com.nopcommerce.account.Level_26_Environment_03_Java_Properties -->
